Unity Editor version:    2020.3.38f1c2 (d3b3543bf087)
Branch:                  2020.3/china_unity/release-hotfix
Build type:              Release
Batch mode:              YES
macOS version:           Version 11.6.8 (Build 20G730)
Darwin version:          20.6.0
Architecture:            x86_64
Running under Rosetta:   NO
Available memory:        16384 MB
Using pre-set license
Pro License: NO

COMMAND LINE ARGUMENTS:
/Users/liusiming/Desktop/2020.3.38f1c2/Unity.app/Contents/MacOS/Unity
-adb2
-batchMode
-noUpm
-name
AssetImportWorker0
-projectPath
/Users/liusiming/Desktop/My project
-logFile
Logs/AssetImportWorker0.log
-srvPort
51491
Successfully changed project path to: /Users/liusiming/Desktop/My project
/Users/liusiming/Desktop/My project
Using Asset Import Pipeline V2.
AS: AutoStreaming module initializing.Refreshing native plugins compatible for Editor in 43.40 ms, found 2 plugins.
Preloading 0 native plugins for Editor in 0.00 ms.
Initialize engine version: 2020.3.38f1c2 (d3b3543bf087)
[Subsystems] Discovering subsystems at path /Users/liusiming/Desktop/2020.3.38f1c2/Unity.app/Contents/Resources/UnitySubsystems
[Subsystems] Discovering subsystems at path /Users/liusiming/Desktop/My project/Assets
GfxDevice: creating device client; threaded=0
2023-06-12 17:08:08.328 Unity[4009:107485] iMac preferred device: Intel(R) Iris(TM) Plus Graphics 640 (low power)
2023-06-12 17:08:08.328 Unity[4009:107485] Metal devices available: 1
2023-06-12 17:08:08.328 Unity[4009:107485] 0: Intel(R) Iris(TM) Plus Graphics 640 (low power)
2023-06-12 17:08:08.329 Unity[4009:107485] Using device Intel(R) Iris(TM) Plus Graphics 640 (low power)
Initializing Metal device caps: Intel(R) Iris(TM) Plus Graphics 640
Initialize mono
Mono path[0] = '/Users/liusiming/Desktop/2020.3.38f1c2/Unity.app/Contents/Managed'
Mono path[1] = '/Users/liusiming/Desktop/2020.3.38f1c2/Unity.app/Contents/MonoBleedingEdge/lib/mono/unityjit'
Mono config path = '/Users/liusiming/Desktop/2020.3.38f1c2/Unity.app/Contents/MonoBleedingEdge/etc'
Using monoOptions --debugger-agent=transport=dt_socket,embedding=1,server=y,suspend=n,address=127.0.0.1:56009
Begin MonoManager ReloadAssembly
Registering precompiled unity dll's ...
Register platform support module: /Users/liusiming/Desktop/2020.3.38f1c2/Unity.app/Contents/PlaybackEngines/MacStandaloneSupport/UnityEditor.OSXStandalone.Extensions.dll
Registered in 0.000542 seconds.
Native extension for OSXStandalone target not found
Refreshing native plugins compatible for Editor in 41.28 ms, found 2 plugins.
Preloading 0 native plugins for Editor in 0.00 ms.
Mono: successfully reloaded assembly
- Completed reload, in  0.849 seconds
Domain Reload Profiling:
	ReloadAssembly (849ms)
		BeginReloadAssembly (66ms)
			ExecutionOrderSort (0ms)
			DisableScriptedObjects (0ms)
			BackupInstance (0ms)
			ReleaseScriptingObjects (0ms)
			CreateAndSetChildDomain (1ms)
		EndReloadAssembly (673ms)
			LoadAssemblies (65ms)
			RebuildTransferFunctionScriptingTraits (0ms)
			SetupTypeCache (260ms)
			ReleaseScriptCaches (0ms)
			RebuildScriptCaches (57ms)
			SetupLoadedEditorAssemblies (234ms)
				LogAssemblyErrors (0ms)
				InitializePlatformSupportModulesInManaged (6ms)
				SetLoadedEditorAssemblies (0ms)
				RefreshPlugins (41ms)
				BeforeProcessingInitializeOnLoad (11ms)
				ProcessInitializeOnLoadAttributes (134ms)
				ProcessInitializeOnLoadMethodAttributes (41ms)
				AfterProcessingInitializeOnLoad (0ms)
				EditorAssembliesLoaded (0ms)
			ExecutionOrderSort2 (0ms)
			AwakeInstancesAfterBackupRestoration (0ms)
Platform modules already initialized, skipping
Registering precompiled user dll's ...
Registered in 0.001218 seconds.
Begin MonoManager ReloadAssembly
Native extension for OSXStandalone target not found
Refreshing native plugins compatible for Editor in 0.71 ms, found 2 plugins.
Preloading 0 native plugins for Editor in 0.00 ms.
Mono: successfully reloaded assembly
- Completed reload, in  1.479 seconds
Domain Reload Profiling:
	ReloadAssembly (1480ms)
		BeginReloadAssembly (240ms)
			ExecutionOrderSort (0ms)
			DisableScriptedObjects (8ms)
			BackupInstance (0ms)
			ReleaseScriptingObjects (0ms)
			CreateAndSetChildDomain (47ms)
		EndReloadAssembly (1151ms)
			LoadAssemblies (99ms)
			RebuildTransferFunctionScriptingTraits (0ms)
			SetupTypeCache (433ms)
			ReleaseScriptCaches (0ms)
			RebuildScriptCaches (70ms)
			SetupLoadedEditorAssemblies (402ms)
				LogAssemblyErrors (0ms)
				InitializePlatformSupportModulesInManaged (5ms)
				SetLoadedEditorAssemblies (1ms)
				RefreshPlugins (1ms)
				BeforeProcessingInitializeOnLoad (71ms)
				ProcessInitializeOnLoadAttributes (303ms)
				ProcessInitializeOnLoadMethodAttributes (20ms)
				AfterProcessingInitializeOnLoad (2ms)
				EditorAssembliesLoaded (0ms)
			ExecutionOrderSort2 (0ms)
			AwakeInstancesAfterBackupRestoration (2ms)
Platform modules already initialized, skipping
Validating Project structure ... 0.000271 seconds.

LICENSE SYSTEM [2023612 17:8:11] Next license update check is after 2023-06-13T09:07:27

Shader import version has changed; will reimport all shaders...
Upgrading shader files ...0.000263 seconds.
Application.AssetDatabase Initial Script Refresh Start
RefreshInfo: InitialScriptRefreshV2(NoUpdateAssetOptions) scanfilter:  ... 1 filters
RefreshProfiler: Total: 0.000ms
Application.AssetDatabase Initial Script Refresh End
Application.AssetDatabase.Refresh Start
Application.AssetDatabase.Refresh End
RefreshInfo: StopAssetImportingV2(ForceSynchronousImport) scanfilter: 
RefreshProfiler: Total: 0.000ms
Launching external process: /Users/liusiming/Desktop/2020.3.38f1c2/Unity.app/Contents/Tools/UnityShaderCompiler
Launched and connected shader compiler UnityShaderCompiler after 0.01 seconds
Initializing Unity extensions:
========================================================================
Worker process is ready to serve import requests
Refreshing native plugins compatible for Editor in 0.30 ms, found 2 plugins.
Preloading 0 native plugins for Editor in 0.00 ms.
Unloading 1522 Unused Serialized files (Serialized files now loaded: 0)
System memory in use before: 177.4 MB.
System memory in use after: 176.5 MB.

Unloading 78 unused Assets to reduce memory usage. Loaded Objects now: 1998.
Total: 3.888895 ms (FindLiveObjects: 0.153096 ms CreateObjectMapping: 0.077495 ms MarkObjects: 3.127349 ms  DeleteObjects: 0.528374 ms)

AssetImportParameters requested are different than current active one (requested -> active):
  custom:video-decoder-ogg-theora: a1e56fd34408186e4bbccfd4996cb3dc -> 
  custom:container-muxer-webm: aa71ff27fc2769a1b78a27578f13a17b -> 
  custom:container-demuxer-webm: 4f35f7cbe854078d1ac9338744f61a02 -> 
  custom:container-demuxer-ogg: 62fdf1f143b41e24485cea50d1cbac27 -> 
  custom:video-encoder-webm-vp8: eb34c28f22e8b96e1ab97ce403110664 -> 
  custom:framework-osx-AVFoundation: e770b220cccbd017edd2c1fefb359320 -> 
  custom:video-decoder-webm-vp8: 9c59270c3fd7afecdb556c50c9e8de78 -> 
  custom:audio-decoder-ogg-vorbis: bf7c407c2cedff20999df2af8eb42d56 -> 
  custom:audio-encoder-webm-vorbis: bf7c407c2cedff20999df2af8eb42d56 -> 
========================================================================
Received Import Request.
  path: Assets/Scenes/New Folder
  artifactKey: Guid(3dd2f6c99fd9340adbf6cf5c280b848b) Importer(815301076,1909f56bfc062723c751e8b465ee728b)
Start importing Assets/Scenes/New Folder using Guid(3dd2f6c99fd9340adbf6cf5c280b848b) Importer(815301076,1909f56bfc062723c751e8b465ee728b)  -> (artifact id: 'ff4697aabd6e1a52892cec7dfa6eb54d') in 0.007947 seconds 
========================================================================
Received Import Request.
  Time since last request: 46.649356 seconds.
  path: Assets/New Folder
  artifactKey: Guid(eba3604e2c3d24a3592fedd6611721c7) Importer(815301076,1909f56bfc062723c751e8b465ee728b)
Start importing Assets/New Folder using Guid(eba3604e2c3d24a3592fedd6611721c7) Importer(815301076,1909f56bfc062723c751e8b465ee728b)  -> (artifact id: 'e4722668917ebd45c38ad1e535693659') in 0.003348 seconds 
========================================================================
Received Import Request.
  Time since last request: 76.022474 seconds.
  path: Assets/NewDemand/New Folder
  artifactKey: Guid(43248bc2fd1434ea2b8eec8fa73a17ef) Importer(815301076,1909f56bfc062723c751e8b465ee728b)
Start importing Assets/NewDemand/New Folder using Guid(43248bc2fd1434ea2b8eec8fa73a17ef) Importer(815301076,1909f56bfc062723c751e8b465ee728b)  -> (artifact id: '482a6b731857c899d69c4ac72eefbaae') in 0.003067 seconds 
========================================================================
Received Import Request.
  Time since last request: 28.115211 seconds.
  path: Assets/NewDemand/Prefabs
  artifactKey: Guid(43248bc2fd1434ea2b8eec8fa73a17ef) Importer(815301076,1909f56bfc062723c751e8b465ee728b)
Start importing Assets/NewDemand/Prefabs using Guid(43248bc2fd1434ea2b8eec8fa73a17ef) Importer(815301076,1909f56bfc062723c751e8b465ee728b)  -> (artifact id: '8aa042254042b1255c154077ca9034da') in 0.005340 seconds 
========================================================================
Received Import Request.
  Time since last request: 20.402176 seconds.
  path: Assets/NewDemand/Resources
  artifactKey: Guid(cb17a47263eb54b899b4e3c94a7d39a4) Importer(815301076,1909f56bfc062723c751e8b465ee728b)
Start importing Assets/NewDemand/Resources using Guid(cb17a47263eb54b899b4e3c94a7d39a4) Importer(815301076,1909f56bfc062723c751e8b465ee728b)  -> (artifact id: 'bbdb9280e09c4ef44a609fb961f6662b') in 0.003958 seconds 
========================================================================
Received Import Request.
  Time since last request: 22.270942 seconds.
  path: Assets/NewDemand/Prefabs/Prefabs
  artifactKey: Guid(823a7d98892be481cb7e0f0a6878b681) Importer(815301076,1909f56bfc062723c751e8b465ee728b)
Start importing Assets/NewDemand/Prefabs/Prefabs using Guid(823a7d98892be481cb7e0f0a6878b681) Importer(815301076,1909f56bfc062723c751e8b465ee728b)  -> (artifact id: 'e0fbd4ffe5c1b32f721c3d4e54c86eb0') in 0.002767 seconds 
========================================================================
Received Import Request.
  Time since last request: 21.599521 seconds.
  path: Assets/NewDemand/Resources/Prefabs
  artifactKey: Guid(26abfc345bf8c46da8782631707be015) Importer(815301076,1909f56bfc062723c751e8b465ee728b)
Start importing Assets/NewDemand/Resources/Prefabs using Guid(26abfc345bf8c46da8782631707be015) Importer(815301076,1909f56bfc062723c751e8b465ee728b)  -> (artifact id: 'a593af20f686f9ab009e24e5afec644b') in 0.002755 seconds 
========================================================================
Received Import Request.
  Time since last request: 22.584925 seconds.
  path: Assets/NewDemand/Resources/Prefabs/Dialog
  artifactKey: Guid(31bfd63b6b1a1458e8b8d76f5fa0e120) Importer(815301076,1909f56bfc062723c751e8b465ee728b)
Start importing Assets/NewDemand/Resources/Prefabs/Dialog using Guid(31bfd63b6b1a1458e8b8d76f5fa0e120) Importer(815301076,1909f56bfc062723c751e8b465ee728b)  -> (artifact id: '23173da099ccd1223b3572252270c67e') in 0.005218 seconds 
========================================================================
Received Import Request.
  Time since last request: 2684.436756 seconds.
  path: Assets/NewDemand/NewBehaviourScript.cs
  artifactKey: Guid(ac2a19ddeca2444abac10ed0b813c21c) Importer(815301076,1909f56bfc062723c751e8b465ee728b)
Start importing Assets/NewDemand/NewBehaviourScript.cs using Guid(ac2a19ddeca2444abac10ed0b813c21c) Importer(815301076,1909f56bfc062723c751e8b465ee728b)  -> (artifact id: 'e69138879ad8147f3b5588109bc3e5e7') in 3.928776 seconds 
========================================================================
Received Prepare
Registering precompiled user dll's ...
Registered in 0.001200 seconds.
Begin MonoManager ReloadAssembly
Native extension for OSXStandalone target not found
Refreshing native plugins compatible for Editor in 0.54 ms, found 2 plugins.
Preloading 0 native plugins for Editor in 0.00 ms.
Mono: successfully reloaded assembly
- Completed reload, in  1.760 seconds
Domain Reload Profiling:
	ReloadAssembly (1761ms)
		BeginReloadAssembly (147ms)
			ExecutionOrderSort (0ms)
			DisableScriptedObjects (6ms)
			BackupInstance (0ms)
			ReleaseScriptingObjects (0ms)
			CreateAndSetChildDomain (68ms)
		EndReloadAssembly (1525ms)
			LoadAssemblies (97ms)
			RebuildTransferFunctionScriptingTraits (0ms)
			SetupTypeCache (534ms)
			ReleaseScriptCaches (2ms)
			RebuildScriptCaches (84ms)
			SetupLoadedEditorAssemblies (601ms)
				LogAssemblyErrors (0ms)
				InitializePlatformSupportModulesInManaged (9ms)
				SetLoadedEditorAssemblies (1ms)
				RefreshPlugins (1ms)
				BeforeProcessingInitializeOnLoad (125ms)
				ProcessInitializeOnLoadAttributes (429ms)
				ProcessInitializeOnLoadMethodAttributes (34ms)
				AfterProcessingInitializeOnLoad (3ms)
				EditorAssembliesLoaded (0ms)
			ExecutionOrderSort2 (0ms)
			AwakeInstancesAfterBackupRestoration (4ms)
Platform modules already initialized, skipping
Refreshing native plugins compatible for Editor in 0.35 ms, found 2 plugins.
Preloading 0 native plugins for Editor in 0.00 ms.
Unloading 1517 Unused Serialized files (Serialized files now loaded: 0)
System memory in use before: 182.1 MB.
System memory in use after: 182.2 MB.

Unloading 13 unused Assets to reduce memory usage. Loaded Objects now: 2003.
Total: 2.846005 ms (FindLiveObjects: 0.244363 ms CreateObjectMapping: 0.056046 ms MarkObjects: 2.493364 ms  DeleteObjects: 0.051495 ms)

AssetImportParameters requested are different than current active one (requested -> active):
  custom:video-decoder-ogg-theora: a1e56fd34408186e4bbccfd4996cb3dc -> 
  custom:container-muxer-webm: aa71ff27fc2769a1b78a27578f13a17b -> 
  custom:container-demuxer-webm: 4f35f7cbe854078d1ac9338744f61a02 -> 
  custom:container-demuxer-ogg: 62fdf1f143b41e24485cea50d1cbac27 -> 
  custom:video-encoder-webm-vp8: eb34c28f22e8b96e1ab97ce403110664 -> 
  custom:framework-osx-AVFoundation: e770b220cccbd017edd2c1fefb359320 -> 
  custom:video-decoder-webm-vp8: 9c59270c3fd7afecdb556c50c9e8de78 -> 
  custom:audio-decoder-ogg-vorbis: bf7c407c2cedff20999df2af8eb42d56 -> 
  custom:audio-encoder-webm-vorbis: bf7c407c2cedff20999df2af8eb42d56 -> 
========================================================================
Received Import Request.
  Time since last request: 1119.355797 seconds.
  path: Assets/NewDemand/NewDemandDialog.prefab
  artifactKey: Guid(d70db58f24b5949eabf41caea8870120) Importer(815301076,1909f56bfc062723c751e8b465ee728b)
Start importing Assets/NewDemand/NewDemandDialog.prefab using Guid(d70db58f24b5949eabf41caea8870120) Importer(815301076,1909f56bfc062723c751e8b465ee728b)  -> (artifact id: 'ae9c360c3f65d4252886923c0de0fd5e') in 1.248808 seconds 
========================================================================
Received Import Request.
  Time since last request: 69.035101 seconds.
  path: Assets/NewDemand
  artifactKey: Guid(eba3604e2c3d24a3592fedd6611721c7) Importer(815301076,1909f56bfc062723c751e8b465ee728b)
Start importing Assets/NewDemand using Guid(eba3604e2c3d24a3592fedd6611721c7) Importer(815301076,1909f56bfc062723c751e8b465ee728b)  -> (artifact id: '0a1474439396e5e51cf6c2af30ac050e') in 0.007187 seconds 
========================================================================
Received Import Request.
  Time since last request: 29.397954 seconds.
  path: Assets/NewDemand/Resources/Prefabs/Dialog/NewDemandDialog.prefab
  artifactKey: Guid(f5408ceacf35944a0a517694cb4018e9) Importer(815301076,1909f56bfc062723c751e8b465ee728b)
Start importing Assets/NewDemand/Resources/Prefabs/Dialog/NewDemandDialog.prefab using Guid(f5408ceacf35944a0a517694cb4018e9) Importer(815301076,1909f56bfc062723c751e8b465ee728b)  -> (artifact id: '3b5847e5168477cd1c6eb91a1a3423e3') in 0.012350 seconds 
========================================================================
Received Prepare
Registering precompiled user dll's ...
Registered in 0.001197 seconds.
Begin MonoManager ReloadAssembly
Native extension for OSXStandalone target not found
Refreshing native plugins compatible for Editor in 0.30 ms, found 2 plugins.
Preloading 0 native plugins for Editor in 0.00 ms.
Mono: successfully reloaded assembly
- Completed reload, in  1.221 seconds
Domain Reload Profiling:
	ReloadAssembly (1222ms)
		BeginReloadAssembly (138ms)
			ExecutionOrderSort (0ms)
			DisableScriptedObjects (5ms)
			BackupInstance (0ms)
			ReleaseScriptingObjects (0ms)
			CreateAndSetChildDomain (69ms)
		EndReloadAssembly (1005ms)
			LoadAssemblies (86ms)
			RebuildTransferFunctionScriptingTraits (0ms)
			SetupTypeCache (369ms)
			ReleaseScriptCaches (1ms)
			RebuildScriptCaches (60ms)
			SetupLoadedEditorAssemblies (358ms)
				LogAssemblyErrors (0ms)
				InitializePlatformSupportModulesInManaged (6ms)
				SetLoadedEditorAssemblies (1ms)
				RefreshPlugins (0ms)
				BeforeProcessingInitializeOnLoad (103ms)
				ProcessInitializeOnLoadAttributes (228ms)
				ProcessInitializeOnLoadMethodAttributes (18ms)
				AfterProcessingInitializeOnLoad (2ms)
				EditorAssembliesLoaded (0ms)
			ExecutionOrderSort2 (0ms)
			AwakeInstancesAfterBackupRestoration (2ms)
Platform modules already initialized, skipping
Refreshing native plugins compatible for Editor in 0.34 ms, found 2 plugins.
Preloading 0 native plugins for Editor in 0.00 ms.
Unloading 1517 Unused Serialized files (Serialized files now loaded: 0)
System memory in use before: 186.6 MB.
System memory in use after: 186.7 MB.

Unloading 13 unused Assets to reduce memory usage. Loaded Objects now: 2009.
Total: 2.611444 ms (FindLiveObjects: 0.127662 ms CreateObjectMapping: 0.047246 ms MarkObjects: 2.380828 ms  DeleteObjects: 0.055066 ms)

AssetImportParameters requested are different than current active one (requested -> active):
  custom:video-decoder-ogg-theora: a1e56fd34408186e4bbccfd4996cb3dc -> 
  custom:container-muxer-webm: aa71ff27fc2769a1b78a27578f13a17b -> 
  custom:container-demuxer-webm: 4f35f7cbe854078d1ac9338744f61a02 -> 
  custom:container-demuxer-ogg: 62fdf1f143b41e24485cea50d1cbac27 -> 
  custom:video-encoder-webm-vp8: eb34c28f22e8b96e1ab97ce403110664 -> 
  custom:framework-osx-AVFoundation: e770b220cccbd017edd2c1fefb359320 -> 
  custom:video-decoder-webm-vp8: 9c59270c3fd7afecdb556c50c9e8de78 -> 
  custom:audio-decoder-ogg-vorbis: bf7c407c2cedff20999df2af8eb42d56 -> 
  custom:audio-encoder-webm-vorbis: bf7c407c2cedff20999df2af8eb42d56 -> 
========================================================================
Received Prepare
Registering precompiled user dll's ...
Registered in 0.001184 seconds.
Begin MonoManager ReloadAssembly
Native extension for OSXStandalone target not found
Refreshing native plugins compatible for Editor in 0.33 ms, found 2 plugins.
Preloading 0 native plugins for Editor in 0.00 ms.
Mono: successfully reloaded assembly
- Completed reload, in  1.332 seconds
Domain Reload Profiling:
	ReloadAssembly (1332ms)
		BeginReloadAssembly (137ms)
			ExecutionOrderSort (0ms)
			DisableScriptedObjects (6ms)
			BackupInstance (0ms)
			ReleaseScriptingObjects (0ms)
			CreateAndSetChildDomain (66ms)
		EndReloadAssembly (1111ms)
			LoadAssemblies (91ms)
			RebuildTransferFunctionScriptingTraits (0ms)
			SetupTypeCache (409ms)
			ReleaseScriptCaches (1ms)
			RebuildScriptCaches (78ms)
			SetupLoadedEditorAssemblies (362ms)
				LogAssemblyErrors (0ms)
				InitializePlatformSupportModulesInManaged (5ms)
				SetLoadedEditorAssemblies (1ms)
				RefreshPlugins (0ms)
				BeforeProcessingInitializeOnLoad (99ms)
				ProcessInitializeOnLoadAttributes (238ms)
				ProcessInitializeOnLoadMethodAttributes (16ms)
				AfterProcessingInitializeOnLoad (1ms)
				EditorAssembliesLoaded (0ms)
			ExecutionOrderSort2 (0ms)
			AwakeInstancesAfterBackupRestoration (3ms)
Platform modules already initialized, skipping
Refreshing native plugins compatible for Editor in 0.30 ms, found 2 plugins.
Preloading 0 native plugins for Editor in 0.00 ms.
Unloading 1517 Unused Serialized files (Serialized files now loaded: 0)
System memory in use before: 186.7 MB.
System memory in use after: 186.8 MB.

Unloading 12 unused Assets to reduce memory usage. Loaded Objects now: 2012.
Total: 2.561211 ms (FindLiveObjects: 0.122783 ms CreateObjectMapping: 0.046066 ms MarkObjects: 2.343129 ms  DeleteObjects: 0.048636 ms)

AssetImportParameters requested are different than current active one (requested -> active):
  custom:video-decoder-ogg-theora: a1e56fd34408186e4bbccfd4996cb3dc -> 
  custom:container-muxer-webm: aa71ff27fc2769a1b78a27578f13a17b -> 
  custom:container-demuxer-webm: 4f35f7cbe854078d1ac9338744f61a02 -> 
  custom:container-demuxer-ogg: 62fdf1f143b41e24485cea50d1cbac27 -> 
  custom:video-encoder-webm-vp8: eb34c28f22e8b96e1ab97ce403110664 -> 
  custom:framework-osx-AVFoundation: e770b220cccbd017edd2c1fefb359320 -> 
  custom:video-decoder-webm-vp8: 9c59270c3fd7afecdb556c50c9e8de78 -> 
  custom:audio-decoder-ogg-vorbis: bf7c407c2cedff20999df2af8eb42d56 -> 
  custom:audio-encoder-webm-vorbis: bf7c407c2cedff20999df2af8eb42d56 -> 
